{"level":"error","message":"400 - 올바르지 않은 형식의 비밀번호입니다."}
{"level":"error","message":"400 - 유효하지 않은 아이디입니다."}
{"level":"error","message":"400 - 유효하지 않은 아이디입니다."}
{"level":"error","message":"400 - 유효하지 않은 비밀번호입니다."}
{"level":"error","message":"400 - 유효하지 않은 비밀번호입니다."}
{"level":"error","message":"404 - 찾을 수 없는 요청입니다."}
{"level":"error","message":"undefined - Cannot read property 'id' of null"}
{"level":"error","message":"undefined - Cannot read property 'id' of null"}
{"level":"error","message":"404 - 찾을 수 없는 요청입니다."}
{"level":"error","message":"undefined - Cannot read property 'id' of null"}
{"level":"error","message":"400 - 유효하지 않은 아이디입니다."}
{"level":"error","message":"400 - 유효하지 않은 아이디입니다."}
{"level":"error","message":"undefined - Cannot access 'user' before initialization"}
{"level":"error","message":"undefined - Cannot access 'user' before initialization"}
{"level":"error","message":"undefined - Cannot access 'user' before initialization"}
{"level":"error","message":"undefined - Cannot access 'user' before initialization"}
{"level":"error","message":"undefined - Cannot access 'user' before initialization"}
{"level":"error","message":"undefined - Cannot access 'user' before initialization"}
{"level":"error","message":"400 - 유효하지 않은 아이디입니다."}
{"level":"error","message":"400 - 유효하지 않은 아이디입니다."}
{"level":"error","message":"404 - 기존과 동일한 패스워드입니다."}
{"level":"error","message":"404 - 기존과 동일한 패스워드입니다."}
{"level":"error","message":"404 - 찾을 수 없는 요청입니다."}
{"level":"error","message":"400 - 유효하지 않은 아이디입니다."}
{"level":"error","message":"400 - 유효하지 않은 비밀번호입니다."}
{"level":"error","message":"undefined - User.getRefreshToken is not a function"}
{"level":"error","message":"401 - 로그인이 필요합니다."}
{"level":"error","message":"401 - 로그인이 필요합니다."}
