{"level":"error","message":"400 - 올바르지 않은 형식의 비밀번호입니다."}
{"level":"info","message":"\u001b[0mPOST /v1/users/register \u001b[33m400\u001b[0m 14.918 ms - 128\u001b[0m\n"}
{"level":"info","message":"\u001b[0mPOST /v1/users/register \u001b[32m200\u001b[0m 102.871 ms - 233\u001b[0m\n"}
{"level":"error","message":"400 - 유효하지 않은 아이디입니다."}
{"level":"info","message":"\u001b[0mPOST /v1/users/login \u001b[33m400\u001b[0m 6.049 ms - 102\u001b[0m\n"}
{"level":"error","message":"400 - 유효하지 않은 아이디입니다."}
{"level":"info","message":"\u001b[0mPOST /v1/users/login \u001b[33m400\u001b[0m 1.407 ms - 102\u001b[0m\n"}
{"level":"error","message":"400 - 유효하지 않은 비밀번호입니다."}
{"level":"info","message":"\u001b[0mPOST /v1/users/login \u001b[33m400\u001b[0m 86.942 ms - 111\u001b[0m\n"}
{"level":"error","message":"400 - 유효하지 않은 비밀번호입니다."}
{"level":"info","message":"\u001b[0mPOST /v1/users/login \u001b[33m400\u001b[0m 73.200 ms - 111\u001b[0m\n"}
{"level":"info","message":"\u001b[0mPOST /v1/users/login \u001b[32m200\u001b[0m 89.738 ms - 233\u001b[0m\n"}
{"level":"error","message":"404 - 찾을 수 없는 요청입니다."}
{"level":"info","message":"\u001b[0mGET /v1/users/logout?userId=test2 \u001b[33m404\u001b[0m 7.159 ms - 96\u001b[0m\n"}
{"level":"error","message":"undefined - Cannot read property 'id' of null"}
{"level":"info","message":"\u001b[0mGET /v1/users/logout/userId=test2 \u001b[31m500\u001b[0m 18.237 ms - 98\u001b[0m\n"}
{"level":"error","message":"undefined - Cannot read property 'id' of null"}
{"level":"info","message":"\u001b[0mGET /v1/users/logout/userId=%22test2%22 \u001b[31m500\u001b[0m 3.709 ms - 98\u001b[0m\n"}
{"level":"error","message":"404 - 찾을 수 없는 요청입니다."}
{"level":"info","message":"\u001b[0mGET /v1/users/logout/?userId=test2 \u001b[33m404\u001b[0m 1.245 ms - 96\u001b[0m\n"}
{"level":"error","message":"undefined - Cannot read property 'id' of null"}
{"level":"info","message":"\u001b[0mGET /v1/users/logout/test2 \u001b[31m500\u001b[0m 8.906 ms - 98\u001b[0m\n"}
{"level":"error","message":"400 - 유효하지 않은 아이디입니다."}
{"level":"info","message":"\u001b[0mGET /v1/users/logout/test2 \u001b[33m400\u001b[0m 12.287 ms - 102\u001b[0m\n"}
{"level":"error","message":"400 - 유효하지 않은 아이디입니다."}
{"level":"info","message":"\u001b[0mGET /v1/users/logout/test2 \u001b[33m400\u001b[0m 3.369 ms - 102\u001b[0m\n"}
{"level":"info","message":"\u001b[0mGET /v1/users/logout/test1 \u001b[32m200\u001b[0m 11.690 ms - 44\u001b[0m\n"}
{"level":"error","message":"undefined - Cannot access 'user' before initialization"}
{"level":"info","message":"\u001b[0mPATCH /v1/users/resetPassword \u001b[31m500\u001b[0m 2.173 ms - 107\u001b[0m\n"}
{"level":"error","message":"undefined - Cannot access 'user' before initialization"}
{"level":"info","message":"\u001b[0mPATCH /v1/users/resetPassword \u001b[31m500\u001b[0m 1.195 ms - 107\u001b[0m\n"}
{"level":"error","message":"undefined - Cannot access 'user' before initialization"}
{"level":"info","message":"\u001b[0mPATCH /v1/users/resetPassword \u001b[31m500\u001b[0m 7.612 ms - 107\u001b[0m\n"}
{"level":"error","message":"undefined - Cannot access 'user' before initialization"}
{"level":"info","message":"\u001b[0mPATCH /v1/users/resetPassword \u001b[31m500\u001b[0m 1.915 ms - 107\u001b[0m\n"}
{"level":"error","message":"undefined - Cannot access 'user' before initialization"}
{"level":"info","message":"\u001b[0mPATCH /v1/users/resetPassword \u001b[31m500\u001b[0m 2.507 ms - 107\u001b[0m\n"}
{"level":"error","message":"undefined - Cannot access 'user' before initialization"}
{"level":"info","message":"\u001b[0mPATCH /v1/users/resetPassword \u001b[31m500\u001b[0m 1.403 ms - 107\u001b[0m\n"}
{"level":"error","message":"400 - 유효하지 않은 아이디입니다."}
{"level":"info","message":"\u001b[0mPATCH /v1/users/resetPassword \u001b[33m400\u001b[0m 8.921 ms - 102\u001b[0m\n"}
{"level":"error","message":"400 - 유효하지 않은 아이디입니다."}
{"level":"info","message":"\u001b[0mPATCH /v1/users/resetPassword \u001b[33m400\u001b[0m 1.909 ms - 102\u001b[0m\n"}
{"level":"error","message":"404 - 기존과 동일한 패스워드입니다."}
{"level":"info","message":"\u001b[0mPATCH /v1/users/resetPassword \u001b[33m404\u001b[0m 89.219 ms - 114\u001b[0m\n"}
{"level":"error","message":"404 - 기존과 동일한 패스워드입니다."}
{"level":"info","message":"\u001b[0mPATCH /v1/users/resetPassword \u001b[33m404\u001b[0m 94.221 ms - 114\u001b[0m\n"}
{"level":"info","message":"\u001b[0mPATCH /v1/users/resetPassword \u001b[32m200\u001b[0m 151.438 ms - 44\u001b[0m\n"}
{"level":"error","message":"404 - 찾을 수 없는 요청입니다."}
{"level":"info","message":"\u001b[0mPATCH /v1/users/login \u001b[33m404\u001b[0m 1.149 ms - 96\u001b[0m\n"}
{"level":"error","message":"400 - 유효하지 않은 아이디입니다."}
{"level":"info","message":"\u001b[0mPOST /v1/users/login \u001b[33m400\u001b[0m 7.886 ms - 102\u001b[0m\n"}
{"level":"error","message":"400 - 유효하지 않은 비밀번호입니다."}
{"level":"info","message":"\u001b[0mPOST /v1/users/login \u001b[33m400\u001b[0m 88.674 ms - 111\u001b[0m\n"}
{"level":"info","message":"\u001b[0mPOST /v1/users/login \u001b[32m200\u001b[0m 88.488 ms - 233\u001b[0m\n"}
{"level":"info","message":"\u001b[0mGET /v1/users/ \u001b[32m200\u001b[0m 3.777 ms - 73\u001b[0m\n"}
{"level":"info","message":"\u001b[0mPOST /v1/users/login \u001b[32m200\u001b[0m 90.313 ms - 233\u001b[0m\n"}
{"level":"info","message":"\u001b[0mGET /v1/users/ \u001b[32m200\u001b[0m 10.027 ms - 73\u001b[0m\n"}
{"level":"info","message":"\u001b[0mGET /v1/users/ \u001b[32m200\u001b[0m 2.315 ms - 73\u001b[0m\n"}
{"level":"info","message":"\u001b[0mGET /v1/users/ \u001b[32m200\u001b[0m 0.436 ms - 73\u001b[0m\n"}
{"level":"info","message":"\u001b[0mPOST /v1/users/login \u001b[32m200\u001b[0m 94.656 ms - 233\u001b[0m\n"}
{"level":"info","message":"\u001b[0mGET /v1/users/ \u001b[32m200\u001b[0m 1.749 ms - 73\u001b[0m\n"}
{"level":"info","message":"\u001b[0mGET /v1/users/ \u001b[32m200\u001b[0m 11.544 ms - 73\u001b[0m\n"}
{"level":"info","message":"\u001b[0mPOST /v1/users/login \u001b[32m200\u001b[0m 89.120 ms - 233\u001b[0m\n"}
{"level":"info","message":"\u001b[0mGET /v1/users/ \u001b[32m200\u001b[0m 3.021 ms - 73\u001b[0m\n"}
{"level":"error","message":"undefined - User.getRefreshToken is not a function"}
{"level":"info","message":"\u001b[0mGET /v1/users/ \u001b[31m500\u001b[0m 8.080 ms - 103\u001b[0m\n"}
{"level":"info","message":"\u001b[0mGET /v1/users/ \u001b[32m200\u001b[0m 18.552 ms - 73\u001b[0m\n"}
{"level":"info","message":"\u001b[0mGET /v1/users/ \u001b[32m200\u001b[0m 1.459 ms - 73\u001b[0m\n"}
{"level":"info","message":"\u001b[0mPOST /v1/users/login \u001b[32m200\u001b[0m 85.285 ms - 233\u001b[0m\n"}
{"level":"info","message":"\u001b[0mGET /v1/users/ \u001b[32m200\u001b[0m 3.838 ms - 73\u001b[0m\n"}
{"level":"error","message":"401 - 로그인이 필요합니다."}
{"level":"info","message":"\u001b[0mGET /v1/users/ \u001b[33m401\u001b[0m 4.722 ms - 96\u001b[0m\n"}
{"level":"error","message":"401 - 로그인이 필요합니다."}
{"level":"info","message":"\u001b[0mGET /v1/users/ \u001b[33m401\u001b[0m 2.118 ms - 96\u001b[0m\n"}
